<?xml version="1.0" encoding="UTF-8"?>
<!-- Generated by org.testng.reporters.JUnitReportReporter -->
<testsuite skipped="0" hostname="MYDear-PC" name="com.electroncluster.test.smoke.TestLoginUS012" tests="1" failures="0" timestamp="25 Jun 2017 10:47:56 GMT" time="8.065" errors="0">
  <testcase name="testLoginTC053" time="8.065" classname="com.electroncluster.test.smoke.TestLoginUS012"/>
</testsuite> <!-- com.electroncluster.test.smoke.TestLoginUS012 -->
